<?xml version="1.0" encoding="UTF-8"?>
<testsuite name="co.com.bancolombia.certification.utest.runners.RegisterUser" tests="1" skipped="0" failures="0" errors="0" timestamp="2022-10-23T21:41:58" hostname="apto-Lenovo-Y520-15IKBN" time="18.45">
  <properties/>
  <testcase name="Successful user creation" classname="co.com.bancolombia.certification.utest.runners.RegisterUser" time="18.45"/>
  <system-out><![CDATA[
1 Scenarios (?[32m1 passed?[0m)
3 Steps (?[32m3 passed?[0m)
0m18,718s

]]></system-out>
  <system-err><![CDATA[oct 23, 2022 4:41:59 PM org.openqa.selenium.remote.DesiredCapabilities chrome
INFORMACIÓN: Using `new ChromeOptions()` is preferred to `DesiredCapabilities.chrome()`
Starting ChromeDriver 105.0.5195.19 (b9c217c128c16f53d12f9a02933fcfdec1bf49af-refs/branch-heads/5195@{#176}) on port 24552
Only local connections are allowed.
Please see https://chromedriver.chromium.org/security-considerations for suggestions on keeping ChromeDriver safe.
ChromeDriver was started successfully.
[1666561320,019][WARNING]: This version of ChromeDriver has not been tested with Chrome version 106.
oct 23, 2022 4:42:00 PM org.openqa.selenium.remote.ProtocolHandshake createSession
INFORMACIÓN: Detected dialect: W3C
]]></system-err>
</testsuite>
